<?xml version="1.0" encoding="utf-8"?>
<test-run id="2" testcasecount="2" result="Failed(Child)" total="2" passed="1" failed="1" inconclusive="0" skipped="0" asserts="0" engine-version="3.5.0.0" clr-version="4.0.30319.42000" start-time="2026-09-26 00:08:17Z" end-time="2026-09-26 00:08:47Z" duration="29.6092669">
  <test-suite type="TestSuite" id="1020" name="tagtag" fullname="tagtag" runstate="Runnable" testcasecount="6" result="Failed" site="Child" start-time="2026-09-26 00:08:17Z" end-time="2026-09-26 00:08:47Z" duration="29.609267" total="2" passed="1" failed="1" inconclusive="0" skipped="0" asserts="0">
    <properties>
      <property name="platform" value="PlayMode" />
    </properties>
    <failure>
      <message><![CDATA[One or more child tests had errors]]></message>
    </failure>
    <test-suite type="Assembly" id="1015" name="Tagtag.Startup.Tests.dll" fullname="/Users/kenk/Desktop/ethglobal-tokyo-2026/Library/ScriptAssemblies/Tagtag.Startup.Tests.dll" runstate="Runnable" testcasecount="3" result="Failed" site="Child" start-time="2026-09-26 00:08:17Z" end-time="2026-09-26 00:08:47Z" duration="29.603153" total="2" passed="1" failed="1" inconclusive="0" skipped="0" asserts="0">
      <properties>
        <property name="_PID" value="14444" />
        <property name="_APPDOMAIN" value="Unity Child Domain" />
        <property name="platform" value="PlayMode" />
        <property name="EditorOnly" value="False" />
      </properties>
      <failure>
        <message><![CDATA[One or more child tests had errors]]></message>
      </failure>
      <test-suite type="TestSuite" id="1016" name="Tagtag" fullname="Tagtag" runstate="Runnable" testcasecount="3" result="Failed" site="Child" start-time="2026-09-26 00:08:17Z" end-time="2026-09-26 00:08:47Z" duration="29.602796" total="2" passed="1" failed="1" inconclusive="0" skipped="0" asserts="0">
        <properties />
        <failure>
          <message><![CDATA[One or more child tests had errors]]></message>
        </failure>
        <test-suite type="TestSuite" id="1017" name="Tests" fullname="Tagtag.Tests" runstate="Runnable" testcasecount="3" result="Failed" site="Child" start-time="2026-09-26 00:08:17Z" end-time="2026-09-26 00:08:47Z" duration="29.602594" total="2" passed="1" failed="1" inconclusive="0" skipped="0" asserts="0">
          <properties />
          <failure>
            <message><![CDATA[One or more child tests had errors]]></message>
          </failure>
          <test-suite type="TestFixture" id="1010" name="PaperVisualTests" fullname="Tagtag.Tests.PaperVisualTests" classname="Tagtag.Tests.PaperVisualTests" runstate="Runnable" testcasecount="2" result="Failed" site="Child" start-time="2026-09-26 00:08:17Z" end-time="2026-09-26 00:08:47Z" duration="29.601920" total="2" passed="1" failed="1" inconclusive="0" skipped="0" asserts="0">
            <properties />
            <failure>
              <message><![CDATA[One or more child tests had errors]]></message>
            </failure>
            <test-case id="1011" name="CameraInventoryFlowUsesFullScreenAndExplicitPlacement" fullname="Tagtag.Tests.PaperVisualTests.CameraInventoryFlowUsesFullScreenAndExplicitPlacement" methodname="CameraInventoryFlowUsesFullScreenAndExplicitPlacement" classname="Tagtag.Tests.PaperVisualTests" runstate="Runnable" seed="1095709221" result="Passed" start-time="2026-09-26 00:08:17Z" end-time="2026-09-26 00:08:22Z" duration="4.844531" asserts="0">
              <properties>
                <property name="_JOINTYPE" value="UnityCombinatorial" />
                <property name="retryIteration" value="0" />
                <property name="repeatIteration" value="0" />
              </properties>
              <output><![CDATA[Paper UI capture: /var/folders/_r/65qcktj96mgb6y7948nn9g9m0000gn/T/tagtag/tagtag/tagtag-paper-review/camera-fullscreen-preparing.png
Paper UI capture: /var/folders/_r/65qcktj96mgb6y7948nn9g9m0000gn/T/tagtag/tagtag/tagtag-paper-review/camera-fullscreen-idle.png
Paper UI capture: /var/folders/_r/65qcktj96mgb6y7948nn9g9m0000gn/T/tagtag/tagtag/tagtag-paper-review/camera-inventory.png
Paper UI capture: /var/folders/_r/65qcktj96mgb6y7948nn9g9m0000gn/T/tagtag/tagtag/tagtag-paper-review/camera-finding-surface.png
Paper UI capture: /var/folders/_r/65qcktj96mgb6y7948nn9g9m0000gn/T/tagtag/tagtag/tagtag-paper-review/camera-surface-ready.png
Paper UI capture: /var/folders/_r/65qcktj96mgb6y7948nn9g9m0000gn/T/tagtag/tagtag/tagtag-paper-review/camera-adjusting-preview.png
Paper UI capture: /var/folders/_r/65qcktj96mgb6y7948nn9g9m0000gn/T/tagtag/tagtag/tagtag-paper-review/camera-note-after-placement.png
]]></output>
            </test-case>
            <test-case id="1012" name="CapturesPaperScreensAndRecoveryStates" fullname="Tagtag.Tests.PaperVisualTests.CapturesPaperScreensAndRecoveryStates" methodname="CapturesPaperScreensAndRecoveryStates" classname="Tagtag.Tests.PaperVisualTests" runstate="Runnable" seed="2080599019" result="Failed" start-time="2026-09-26 00:08:22Z" end-time="2026-09-26 00:08:47Z" duration="24.741781" asserts="0">
              <properties>
                <property name="_JOINTYPE" value="UnityCombinatorial" />
                <property name="retryIteration" value="0" />
                <property name="repeatIteration" value="0" />
              </properties>
              <failure>
                <message><![CDATA[  Recovery must scroll between camera controls at large text sizes.
  Expected: not null
  But was:  null
]]></message>
                <stack-trace><![CDATA[at Tagtag.Tests.PaperVisualTests+<CapturesPaperScreensAndRecoveryStates>d__8.MoveNext () [0x020b2] in /Users/kenk/Desktop/ethglobal-tokyo-2026/Assets/Tagtag/Application/PlayModeTests/PaperVisualTests.cs:438
at UnityEngine.TestTools.TestEnumerator+<Execute>d__7.MoveNext () [0x0003a] in ./Library/PackageCache/com.unity.test-framework@1405238725ab/UnityEngine.TestRunner/NUnitExtensions/Attributes/TestEnumerator.cs:44
]]></stack-trace>
              </failure>
              <output><![CDATA[Paper UI capture: /var/folders/_r/65qcktj96mgb6y7948nn9g9m0000gn/T/tagtag/tagtag/tagtag-paper-review/home-empty.png
Paper UI capture: /var/folders/_r/65qcktj96mgb6y7948nn9g9m0000gn/T/tagtag/tagtag/tagtag-paper-review/home-populated.png
Paper UI capture: /var/folders/_r/65qcktj96mgb6y7948nn9g9m0000gn/T/tagtag/tagtag/tagtag-paper-review/collected-long-note.png
Paper UI capture: /var/folders/_r/65qcktj96mgb6y7948nn9g9m0000gn/T/tagtag/tagtag/tagtag-paper-review/collected-revoked-after-sync.png
Paper UI capture: /var/folders/_r/65qcktj96mgb6y7948nn9g9m0000gn/T/tagtag/tagtag/tagtag-paper-review/account.png
Paper UI capture: /var/folders/_r/65qcktj96mgb6y7948nn9g9m0000gn/T/tagtag/tagtag/tagtag-paper-review/authored-empty.png
Paper UI capture: /var/folders/_r/65qcktj96mgb6y7948nn9g9m0000gn/T/tagtag/tagtag/tagtag-paper-review/authored-populated.png
Paper UI capture: /var/folders/_r/65qcktj96mgb6y7948nn9g9m0000gn/T/tagtag/tagtag/tagtag-paper-review/withdraw-confirmation.png
Paper UI capture: /var/folders/_r/65qcktj96mgb6y7948nn9g9m0000gn/T/tagtag/tagtag/tagtag-paper-review/delete-disabled.png
Paper UI capture: /var/folders/_r/65qcktj96mgb6y7948nn9g9m0000gn/T/tagtag/tagtag/tagtag-paper-review/delete-error-focused.png
Paper UI capture: /var/folders/_r/65qcktj96mgb6y7948nn9g9m0000gn/T/tagtag/tagtag/tagtag-paper-review/sign-in.png
Paper UI capture: /var/folders/_r/65qcktj96mgb6y7948nn9g9m0000gn/T/tagtag/tagtag/tagtag-paper-review/camera-preparing.png
Paper UI capture: /var/folders/_r/65qcktj96mgb6y7948nn9g9m0000gn/T/tagtag/tagtag/tagtag-paper-review/camera-denied.png
Paper UI capture: /var/folders/_r/65qcktj96mgb6y7948nn9g9m0000gn/T/tagtag/tagtag/tagtag-paper-review/camera-interrupted.png
Paper UI capture: /var/folders/_r/65qcktj96mgb6y7948nn9g9m0000gn/T/tagtag/tagtag/tagtag-paper-review/camera-unavailable.png
Paper UI capture: /var/folders/_r/65qcktj96mgb6y7948nn9g9m0000gn/T/tagtag/tagtag/tagtag-paper-review/camera-live-guidance.png
Paper UI capture: /var/folders/_r/65qcktj96mgb6y7948nn9g9m0000gn/T/tagtag/tagtag/tagtag-paper-review/camera-discovery.png
Paper UI capture: /var/folders/_r/65qcktj96mgb6y7948nn9g9m0000gn/T/tagtag/tagtag/tagtag-paper-review/pose-picker.png
Paper UI capture: /var/folders/_r/65qcktj96mgb6y7948nn9g9m0000gn/T/tagtag/tagtag/tagtag-paper-review/note-empty-disabled.png
Paper UI capture: /var/folders/_r/65qcktj96mgb6y7948nn9g9m0000gn/T/tagtag/tagtag/tagtag-paper-review/note-long-focused.png
Paper UI capture: /var/folders/_r/65qcktj96mgb6y7948nn9g9m0000gn/T/tagtag/tagtag/tagtag-paper-review/note-busy-error.png
Paper UI capture: /var/folders/_r/65qcktj96mgb6y7948nn9g9m0000gn/T/tagtag/tagtag/tagtag-paper-review/note-sign-in-return.png
Paper UI capture: /var/folders/_r/65qcktj96mgb6y7948nn9g9m0000gn/T/tagtag/tagtag/tagtag-paper-review/note-signed-in-restored.png
Paper UI capture: /var/folders/_r/65qcktj96mgb6y7948nn9g9m0000gn/T/tagtag/tagtag/tagtag-paper-review/explore-empty.png
Paper UI capture: /var/folders/_r/65qcktj96mgb6y7948nn9g9m0000gn/T/tagtag/tagtag/tagtag-paper-review/explore-location-loading.png
Paper UI capture: /var/folders/_r/65qcktj96mgb6y7948nn9g9m0000gn/T/tagtag/tagtag/tagtag-paper-review/explore-teaser.png
Paper UI capture: /var/folders/_r/65qcktj96mgb6y7948nn9g9m0000gn/T/tagtag/tagtag/tagtag-paper-review/report-sheet.png
Paper UI capture: /var/folders/_r/65qcktj96mgb6y7948nn9g9m0000gn/T/tagtag/tagtag/tagtag-paper-review/block-sheet.png
Paper UI capture: /var/folders/_r/65qcktj96mgb6y7948nn9g9m0000gn/T/tagtag/tagtag/tagtag-paper-review/explore-error.png
Paper UI capture: /var/folders/_r/65qcktj96mgb6y7948nn9g9m0000gn/T/tagtag/tagtag/tagtag-paper-review/home-compact-largest-reduced-motion.png
Paper UI capture: /var/folders/_r/65qcktj96mgb6y7948nn9g9m0000gn/T/tagtag/tagtag/tagtag-paper-review/account-compact-largest-reduced-motion.png
Paper UI capture: /var/folders/_r/65qcktj96mgb6y7948nn9g9m0000gn/T/tagtag/tagtag/tagtag-paper-review/explore-compact-largest-long-clue.png
Compact geometry Compact paper visual review-container unity-ui-document__root,paper-app,reduced-motion bounds=(x:0.00, y:0.00, width:390.00, height:692.25)
Compact geometry   bounds=(x:0.00, y:0.00, width:390.00, height:692.25)
Compact geometry   bounds=(x:0.00, y:0.00, width:390.00, height:594.75)
Compact geometry   bounds=(x:0.00, y:594.75, width:390.00, height:97.50)
Compact geometry   bounds=(x:0.00, y:0.00, width:390.00, height:594.75)
Compact geometry Native MapKit region  bounds=(x:0.00, y:103.59, width:390.00, height:241.31)
Compact geometry Explore teaser scroll unity-scroll-view,unity-scroll-view--scroll,unity-scroll-view--vertical,paper-scroll bounds=(x:0.00, y:344.91, width:390.00, height:249.84)
Compact geometry  paper-nav bounds=(x:0.00, y:594.75, width:390.00, height:97.50)
Compact geometry Tab Explore unity-text-element,unity-button,paper-button,quiet,paper-nav-item,nav-selected bounds=(x:258.38, y:600.84, width:112.13, height:84.09)
Paper UI capture: /var/folders/_r/65qcktj96mgb6y7948nn9g9m0000gn/T/tagtag/tagtag/tagtag-paper-review/note-compact-largest-reduced-motion.png
Paper UI capture: /var/folders/_r/65qcktj96mgb6y7948nn9g9m0000gn/T/tagtag/tagtag/tagtag-paper-review/camera-compact-largest-reduced-motion.png
Paper UI capture: /var/folders/_r/65qcktj96mgb6y7948nn9g9m0000gn/T/tagtag/tagtag/tagtag-paper-review/inventory-compact-largest-reduced-motion.png
Paper UI capture: /var/folders/_r/65qcktj96mgb6y7948nn9g9m0000gn/T/tagtag/tagtag/tagtag-paper-review/camera-discovery-compact-largest.png
Paper UI capture: /var/folders/_r/65qcktj96mgb6y7948nn9g9m0000gn/T/tagtag/tagtag/tagtag-paper-review/camera-recovery-compact-Preparing.png
Saving results to: /tmp/tagtag-navigation/recovery-red.xml
]]></output>
            </test-case>
          </test-suite>
        </test-suite>
      </test-suite>
    </test-suite>
  </test-suite>
</test-run>